<?xml version="1.0" encoding="UTF-8"?>
<!-- Generated by org.testng.reporters.JUnitReportReporter -->
<testsuite hostname="DESKTOP-98E3OTK" failures="0" tests="2" name="testngpractice.PracticetwoTest" time="0.020" errors="0" timestamp="27 May 2019 12:14:31 GMT" skipped="0">
  <testcase classname="testngpractice.PracticetwoTest" name="method1" time="0.020"/>
  <testcase classname="testngpractice.PracticetwoTest" name="method2" time="0.000"/>
</testsuite> <!-- testngpractice.PracticetwoTest -->
