<?xml version="1.0" encoding="UTF-8"?>
<!-- Generated by org.testng.reporters.JUnitReportReporter -->
<testsuite hostname="DESKTOP-98E3OTK" failures="0" tests="2" name="testngpractice.PracticefourTest" time="0.021" errors="0" timestamp="27 May 2019 11:04:41 GMT" skipped="0">
  <testcase classname="testngpractice.PracticefourTest" name="method2" time="0.006"/>
  <testcase classname="testngpractice.PracticefourTest" name="method1" time="0.015"/>
</testsuite> <!-- testngpractice.PracticefourTest -->
