<?xml version="1.0" encoding="UTF-8"?>
<!-- Generated by org.testng.reporters.JUnitReportReporter -->
<testsuite hostname="DESKTOP-98E3OTK" failures="0" tests="2" name="testngpractice.PracticesevenTest" time="0.005" errors="0" timestamp="27 May 2019 11:04:41 GMT" skipped="0">
  <testcase classname="testngpractice.PracticesevenTest" name="method2" time="0.002"/>
  <testcase classname="testngpractice.PracticesevenTest" name="method1" time="0.003"/>
</testsuite> <!-- testngpractice.PracticesevenTest -->
