<?xml version="1.0" encoding="UTF-8"?>
<!-- Generated by org.testng.reporters.JUnitReportReporter -->
<testsuite hostname="DESKTOP-98E3OTK" failures="0" tests="4" name="testngpractice.PracticeoneTest" time="0.044" errors="0" timestamp="27 May 2019 12:13:07 GMT" skipped="1">
  <testcase classname="testngpractice.PracticeoneTest" name="method1" time="0.015"/>
  <testcase classname="testngpractice.PracticeoneTest" name="method2" time="0.007"/>
  <testcase classname="testngpractice.PracticeoneTest" name="method3" time="0.022"/>
  <testcase classname="testngpractice.PracticeoneTest" name="method4">
    <skipped/>
  </testcase> <!-- method4 -->
</testsuite> <!-- testngpractice.PracticeoneTest -->
