<?xml version="1.0" encoding="UTF-8"?>
<!-- Generated by org.testng.reporters.JUnitReportReporter -->
<testsuite hostname="DESKTOP-98E3OTK" failures="0" tests="1" name="testBase.SaucelabsIntegration" time="15.546" errors="0" timestamp="30 May 2019 20:07:00 GMT" skipped="0">
  <testcase classname="testBase.SaucelabsIntegration" name="test_Windows_Firefox" time="15.546"/>
</testsuite> <!-- testBase.SaucelabsIntegration -->
