<?xml version="1.0" encoding="UTF-8"?>
<!-- Generated by org.testng.reporters.JUnitReportReporter -->
<testsuite hostname="DESKTOP-98E3OTK" failures="0" tests="2" name="testngpractice.Practice1" time="0.020" errors="0" timestamp="27 May 2019 10:48:30 GMT" skipped="0">
  <testcase classname="testngpractice.Practice1" name="method1" time="0.017"/>
  <testcase classname="testngpractice.Practice1" name="method2" time="0.003"/>
</testsuite> <!-- testngpractice.Practice1 -->
