<?xml version="1.0" encoding="UTF-8"?>
<!-- Generated by org.testng.reporters.JUnitReportReporter -->
<testsuite hostname="DESKTOP-98E3OTK" failures="0" tests="1" name="testngannotations.Mainone" time="0.015" errors="0" timestamp="27 May 2019 12:04:36 GMT" skipped="0">
  <testcase classname="testngannotations.Mainone" name="m1" time="0.015"/>
</testsuite> <!-- testngannotations.Mainone -->
